<?xml version="1.0" encoding="UTF-8"?>
<!-- Generated by org.testng.reporters.JUnitReportReporter -->
<testsuite hostname="LTIN260857" failures="0" tests="2" name="testpackage.TC_001_ProfServicesTest" time="16.217" errors="0" timestamp="2023-09-12T15:15:18 IST" skipped="0">
  <testcase classname="testpackage.TC_001_ProfServicesTest" name="test_profservices" time="3.324"/>
  <testcase classname="testpackage.TC_001_ProfServicesTest" name="test_fillForm" time="12.893"/>
</testsuite> <!-- testpackage.TC_001_ProfServicesTest -->
