<?xml version="1.0" encoding="UTF-8"?>
<!-- Generated by org.testng.reporters.JUnitReportReporter -->
<testsuite hostname="LTIN260857" failures="0" tests="2" name="testpackage.TC_002_LearningTest" time="32.838" errors="0" timestamp="2023-09-12T15:19:51 IST" skipped="0">
  <testcase classname="testpackage.TC_002_LearningTest" name="test_learning" time="19.121"/>
  <testcase classname="testpackage.TC_002_LearningTest" name="test_signin" time="13.717"/>
</testsuite> <!-- testpackage.TC_002_LearningTest -->
